<?xml version="1.0" encoding="UTF-8"?>
<!-- Generated by org.testng.reporters.JUnitXMLReporter -->
<testsuite ignored="0" hostname="LTB0211530s-MacBook-Air.local" failures="0" tests="2" name="Cogmento CRM App Test Cases" time="8.923" errors="0" timestamp="27 May 2020 17:32:20 GMT">
  <testcase classname="com.cogmento.automation.testcases.LoginPageTest" name="loginPageTitleTest" time="0.545"/>
  <testcase classname="com.cogmento.automation.testcases.LoginPageTest" name="loginTest" time="0.733"/>
</testsuite> <!-- Cogmento CRM App Test Cases -->
