<?xml version="1.0" encoding="UTF-8"?>
<testng-results ignored="0" total="2" passed="2" failed="0" skipped="0">
  <reporter-output>
  </reporter-output>
  <suite started-at="2020-05-27T17:32:11Z" name="Cogmento CRM Application Test Automation Test Suite" finished-at="2020-05-27T17:32:20Z" duration-ms="8923">
    <groups>
    </groups>
    <test started-at="2020-05-27T17:32:11Z" name="Cogmento CRM App Test Cases" finished-at="2020-05-27T17:32:20Z" duration-ms="8923">
      <class name="com.cogmento.automation.testcases.LoginPageTest">
        <test-method is-config="true" signature="setUp()[pri:0, instance:com.cogmento.automation.testcases.LoginPageTest@781e7326]" started-at="2020-05-27T17:32:11Z" name="setUp" finished-at="2020-05-27T17:32:18Z" duration-ms="7268" status="PASS">
          <reporter-output>
          </reporter-output>
        </test-method> <!-- setUp -->
        <test-method signature="loginPageTitleTest()[pri:1, instance:com.cogmento.automation.testcases.LoginPageTest@781e7326]" started-at="2020-05-27T17:32:18Z" name="loginPageTitleTest" finished-at="2020-05-27T17:32:19Z" duration-ms="545" status="PASS">
          <reporter-output>
          </reporter-output>
        </test-method> <!-- loginPageTitleTest -->
        <test-method signature="loginTest()[pri:2, instance:com.cogmento.automation.testcases.LoginPageTest@781e7326]" started-at="2020-05-27T17:32:19Z" name="loginTest" finished-at="2020-05-27T17:32:20Z" duration-ms="733" status="PASS">
          <reporter-output>
          </reporter-output>
        </test-method> <!-- loginTest -->
        <test-method is-config="true" signature="tearDown()[pri:0, instance:com.cogmento.automation.testcases.LoginPageTest@781e7326]" started-at="2020-05-27T17:32:20Z" name="tearDown" finished-at="2020-05-27T17:32:20Z" duration-ms="118" status="PASS">
          <reporter-output>
          </reporter-output>
        </test-method> <!-- tearDown -->
      </class> <!-- com.cogmento.automation.testcases.LoginPageTest -->
    </test> <!-- Cogmento CRM App Test Cases -->
  </suite> <!-- Cogmento CRM Application Test Automation Test Suite -->
</testng-results>
